<component name="libraryTable">
  <library name="junit4">
    <CLASSES>
      <root url="file://$PROJECT_DIR$/../../apache-maven-3.5.0/repository/junit/junit/4.10" />
    </CLASSES>
    <JAVADOC />
    <SOURCES />
    <jarDirectory url="file://$PROJECT_DIR$/../../apache-maven-3.5.0/repository/junit/junit/4.10" recursive="false" />
  </library>
</component>